<?xml version="1.0" encoding="UTF-8"?>
<testsuite name="practical1.NumberToolsTest" tests="2" skipped="0" failures="0" errors="0" timestamp="2023-10-02T11:30:21" hostname="CANARYLAP" time="0.018">
  <properties/>
  <testcase name="testParse" classname="practical1.NumberToolsTest" time="0.006"/>
  <testcase name="testComputeStatistic" classname="practical1.NumberToolsTest" time="0.012"/>
  <system-out><![CDATA[]]></system-out>
  <system-err><![CDATA[]]></system-err>
</testsuite>
